Flow report for DE2_NIOS_HOST_MOUSE_VGA
Thu Aug 11 14:49:23 2011
Quartus II Version 9.0 Build 132 02/25/2009 SJ Web Edition


---------------------
; Table of Contents ;
---------------------
  1. Legal Notice
  2. Flow Summary
  3. Flow Settings
  4. Flow Non-Default Global Settings
  5. Flow Elapsed Time
  6. Flow OS Summary
  7. Flow Log



----------------
; Legal Notice ;
----------------
Copyright (C) 1991-2009 Altera Corporation
Your use of Altera Corporation's design tools, logic functions 
and other software and tools, and its AMPP partner logic 
functions, and any output files from any of the foregoing 
(including device programming or simulation files), and any 
associated documentation or information are expressly subject 
to the terms and conditions of the Altera Program License 
Subscription Agreement, Altera MegaCore Function License 
Agreement, or other applicable license agreement, including, 
without limitation, that your use is for the sole purpose of 
programming logic devices manufactured by Altera and sold by 
Altera or its authorized distributors.  Please refer to the 
applicable agreement for further details.



+-------------------------------------------------------------------+
; Flow Summary                                                      ;
+-------------------------+-----------------------------------------+
; Flow Status             ; Flow Failed - Thu Aug 11 14:49:23 2011  ;
; Quartus II Version      ; 9.0 Build 132 02/25/2009 SJ Web Edition ;
; Revision Name           ; DE2_NIOS_HOST_MOUSE_VGA                 ;
; Top-level Entity Name   ; DE2_NIOS_HOST_MOUSE_VGA                 ;
; Family                  ; Stratix II                              ;
; Met timing requirements ; N/A                                     ;
+-------------------------+-----------------------------------------+


+---------------------------------------------+
; Flow Settings                               ;
+-------------------+-------------------------+
; Option            ; Setting                 ;
+-------------------+-------------------------+
; Start date & time ; 08/11/2011 14:49:09     ;
; Main task         ; Compilation             ;
; Revision Name     ; DE2_NIOS_HOST_MOUSE_VGA ;
+-------------------+-------------------------+


+-----------------------------------------------------------------------------------------------------+
; Flow Non-Default Global Settings                                                                    ;
+---------------------------+------------------------------+---------------+-------------+------------+
; Assignment Name           ; Value                        ; Default Value ; Entity Name ; Section Id ;
+---------------------------+------------------------------+---------------+-------------+------------+
; COMPILER_SIGNATURE_ID     ; 146448477073.131308854804680 ; --            ; --          ; --         ;
; SOPC_BUILDER_SIGNATURE_ID ; 001C2514D6DE000001306D24B349 ; --            ; --          ; --         ;
+---------------------------+------------------------------+---------------+-------------+------------+


+--------------------------------------------------------------------------------------------------------------------------+
; Flow Elapsed Time                                                                                                        ;
+----------------------+--------------+-------------------------+---------------------+------------------------------------+
; Module Name          ; Elapsed Time ; Average Processors Used ; Peak Virtual Memory ; Total CPU Time (on all processors) ;
+----------------------+--------------+-------------------------+---------------------+------------------------------------+
; Analysis & Synthesis ; 00:00:15     ; 1.0                     ; 211 MB              ; 00:00:10                           ;
; Total                ; 00:00:15     ; --                      ; --                  ; 00:00:10                           ;
+----------------------+--------------+-------------------------+---------------------+------------------------------------+


+------------------------------------------------------------------------------------+
; Flow OS Summary                                                                    ;
+----------------------+------------------+------------+------------+----------------+
; Module Name          ; Machine Hostname ; OS Name    ; OS Version ; Processor type ;
+----------------------+------------------+------------+------------+----------------+
; Analysis & Synthesis ; KEB314MB         ; Windows XP ; 5.1        ; i686           ;
+----------------------+------------------+------------+------------+----------------+


------------
; Flow Log ;
------------
quartus_map --read_settings_files=on --write_settings_files=off DE2_NIOS_HOST_MOUSE_VGA -c DE2_NIOS_HOST_MOUSE_VGA



