Flow report for DE2_NET
Sun Apr 24 21:53:24 2016
Quartus II Version 9.1 Build 222 10/21/2009 SJ Web Edition


---------------------
; Table of Contents ;
---------------------
  1. Legal Notice
  2. Flow Summary
  3. Flow Settings
  4. Flow Non-Default Global Settings
  5. Flow Elapsed Time
  6. Flow OS Summary
  7. Flow Log



----------------
; Legal Notice ;
----------------
Copyright (C) 1991-2009 Altera Corporation
Your use of Altera Corporation's design tools, logic functions 
and other software and tools, and its AMPP partner logic 
functions, and any output files from any of the foregoing 
(including device programming or simulation files), and any 
associated documentation or information are expressly subject 
to the terms and conditions of the Altera Program License 
Subscription Agreement, Altera MegaCore Function License 
Agreement, or other applicable license agreement, including, 
without limitation, that your use is for the sole purpose of 
programming logic devices manufactured by Altera and sold by 
Altera or its authorized distributors.  Please refer to the 
applicable agreement for further details.



+------------------------------------------------------------------------------+
; Flow Summary                                                                 ;
+------------------------------------+-----------------------------------------+
; Flow Status                        ; Successful - Sun Apr 24 21:53:24 2016   ;
; Quartus II Version                 ; 9.1 Build 222 10/21/2009 SJ Web Edition ;
; Revision Name                      ; DE2_NET                                 ;
; Top-level Entity Name              ; DE2_NET                                 ;
; Family                             ; Cyclone II                              ;
; Device                             ; EP2C35F672C6                            ;
; Timing Models                      ; Final                                   ;
; Met timing requirements            ; Yes                                     ;
; Total logic elements               ; 7,211 / 33,216 ( 22 % )                 ;
;     Total combinational functions  ; 6,059 / 33,216 ( 18 % )                 ;
;     Dedicated logic registers      ; 3,834 / 33,216 ( 12 % )                 ;
; Total registers                    ; 3951                                    ;
; Total pins                         ; 425 / 475 ( 89 % )                      ;
; Total virtual pins                 ; 0                                       ;
; Total memory bits                  ; 390,656 / 483,840 ( 81 % )              ;
; Embedded Multiplier 9-bit elements ; 4 / 70 ( 6 % )                          ;
; Total PLLs                         ; 2 / 4 ( 50 % )                          ;
+------------------------------------+-----------------------------------------+


+-----------------------------------------+
; Flow Settings                           ;
+-------------------+---------------------+
; Option            ; Setting             ;
+-------------------+---------------------+
; Start date & time ; 04/24/2016 21:50:28 ;
; Main task         ; Compilation         ;
; Revision Name     ; DE2_NET             ;
+-------------------+---------------------+


+-------------------------------------------------------------------------------------------------+
; Flow Non-Default Global Settings                                                                ;
+-----------------------+------------------------------+---------------+-------------+------------+
; Assignment Name       ; Value                        ; Default Value ; Entity Name ; Section Id ;
+-----------------------+------------------------------+---------------+-------------+------------+
; COMPILER_SIGNATURE_ID ; 152426032768.146154902806148 ; --            ; --          ; --         ;
+-----------------------+------------------------------+---------------+-------------+------------+


+-----------------------------------------------------------------------------------------------------------------------------+
; Flow Elapsed Time                                                                                                           ;
+-------------------------+--------------+-------------------------+---------------------+------------------------------------+
; Module Name             ; Elapsed Time ; Average Processors Used ; Peak Virtual Memory ; Total CPU Time (on all processors) ;
+-------------------------+--------------+-------------------------+---------------------+------------------------------------+
; Analysis & Synthesis    ; 00:01:03     ; 1.0                     ; 313 MB              ; 00:01:01                           ;
; Fitter                  ; 00:01:39     ; 1.0                     ; 287 MB              ; 00:01:35                           ;
; Assembler               ; 00:00:03     ; 1.0                     ; 251 MB              ; 00:00:03                           ;
; Classic Timing Analyzer ; 00:00:07     ; 1.0                     ; 203 MB              ; 00:00:08                           ;
; Total                   ; 00:02:52     ; --                      ; --                  ; 00:02:47                           ;
+-------------------------+--------------+-------------------------+---------------------+------------------------------------+


+------------------------------------------------------------------------------------------+
; Flow OS Summary                                                                          ;
+-------------------------+------------------+---------------+------------+----------------+
; Module Name             ; Machine Hostname ; OS Name       ; OS Version ; Processor type ;
+-------------------------+------------------+---------------+------------+----------------+
; Analysis & Synthesis    ; ECS-ECELAB10     ; Windows Vista ; 6.1        ; i686           ;
; Fitter                  ; ECS-ECELAB10     ; Windows Vista ; 6.1        ; i686           ;
; Assembler               ; ECS-ECELAB10     ; Windows Vista ; 6.1        ; i686           ;
; Classic Timing Analyzer ; ECS-ECELAB10     ; Windows Vista ; 6.1        ; i686           ;
+-------------------------+------------------+---------------+------------+----------------+


------------
; Flow Log ;
------------
quartus_map --read_settings_files=on --write_settings_files=off DE2_NET -c DE2_NET
quartus_fit --read_settings_files=off --write_settings_files=off DE2_NET -c DE2_NET
quartus_asm --read_settings_files=off --write_settings_files=off DE2_NET -c DE2_NET
quartus_tan --read_settings_files=off --write_settings_files=off DE2_NET -c DE2_NET --timing_analysis_only



